This is XeTeX, Version 3.1415926-2.4-0.9998 (TeX Live 2012) (format=xelatex 2012.6.30)  26 JUN 2013 14:04
entering extended mode
 restricted \write18 enabled.
 file:line:error style messages enabled.
 %&-line parsing enabled.
**social_genomicsv3.tex
(./social_genomicsv3.tex
LaTeX2e <2011/06/27>
Babel <v3.8m> and hyphenation patterns for english, dumylang, nohyphenation, ge
rman-x-2012-05-30, ngerman-x-2012-05-30, afrikaans, ancientgreek, ibycus, arabi
c, armenian, basque, bulgarian, catalan, pinyin, coptic, croatian, czech, danis
h, dutch, ukenglish, usenglishmax, esperanto, estonian, ethiopic, farsi, finnis
h, french, friulan, galician, german, ngerman, swissgerman, monogreek, greek, h
ungarian, icelandic, assamese, bengali, gujarati, hindi, kannada, malayalam, ma
rathi, oriya, panjabi, tamil, telugu, indonesian, interlingua, irish, italian, 
kurmanji, latin, latvian, lithuanian, mongolian, mongolianlmc, bokmal, nynorsk,
 polish, portuguese, romanian, romansh, russian, sanskrit, serbian, serbianc, s
lovak, slovenian, spanish, swedish, turkish, turkmen, ukrainian, uppersorbian, 
welsh, loaded.
(/usr/local/texlive/2012/texmf-dist/tex/latex/base/article.cls
Document Class: article 2007/10/19 v1.4h Standard LaTeX document class
(/usr/local/texlive/2012/texmf-dist/tex/latex/base/size10.clo
File: size10.clo 2007/10/19 v1.4h Standard LaTeX file (size option)
)
\c@part=\count80
\c@section=\count81
\c@subsection=\count82
\c@subsubsection=\count83
\c@paragraph=\count84
\c@subparagraph=\count85
\c@figure=\count86
\c@table=\count87
\abovecaptionskip=\skip41
\belowcaptionskip=\skip42
\bibindent=\dimen102
)
(/usr/local/texlive/2012/texmf-dist/tex/latex/tools/longtable.sty
Package: longtable 2004/02/01 v4.11 Multi-page Table package (DPC)
\LTleft=\skip43
\LTright=\skip44
\LTpre=\skip45
\LTpost=\skip46
\LTchunksize=\count88
\LTcapwidth=\dimen103
\LT@head=\box26
\LT@firsthead=\box27
\LT@foot=\box28
\LT@lastfoot=\box29
\LT@cols=\count89
\LT@rows=\count90
\c@LT@tables=\count91
\c@LT@chunks=\count92
\LT@p@ftn=\toks14
)
(/usr/local/texlive/2012/texmf-dist/tex/latex/graphics/graphicx.sty
Package: graphicx 1999/02/16 v1.0f Enhanced LaTeX Graphics (DPC,SPQR)

(/usr/local/texlive/2012/texmf-dist/tex/latex/graphics/keyval.sty
Package: keyval 1999/03/16 v1.13 key=value parser (DPC)
\KV@toks@=\toks15
)
(/usr/local/texlive/2012/texmf-dist/tex/latex/graphics/graphics.sty
Package: graphics 2009/02/05 v1.0o Standard LaTeX Graphics (DPC,SPQR)

(/usr/local/texlive/2012/texmf-dist/tex/latex/graphics/trig.sty
Package: trig 1999/03/16 v1.09 sin cos tan (DPC)
)
(/usr/local/texlive/2012/texmf-dist/tex/latex/latexconfig/graphics.cfg
File: graphics.cfg 2010/04/23 v1.9 graphics configuration of TeX Live
)
Package graphics Info: Driver file: xetex.def on input line 91.

(/usr/local/texlive/2012/texmf-dist/tex/xelatex/xetex-def/xetex.def
File: xetex.def 2009/11/22 v0.94 LaTeX color/graphics driver for XeTeX (RRM/JK)

))
\Gin@req@height=\dimen104
\Gin@req@width=\dimen105
)
(/usr/local/texlive/2012/texmf-dist/tex/latex/lineno/lineno.sty
Package: lineno 2005/11/02 line numbers on paragraphs v4.41
Invalid UTF-8 byte or sequence at line 296 replaced by U+FFFD.
\linenopenalty=\count93
\output=\toks16
\linenoprevgraf=\count94
\linenumbersep=\dimen106
\linenumberwidth=\dimen107
\c@linenumber=\count95
\c@pagewiselinenumber=\count96
\c@LN@truepage=\count97
\c@internallinenumber=\count98
\c@internallinenumbers=\count99
\quotelinenumbersep=\dimen108
\bframerule=\dimen109
\bframesep=\dimen110
\bframebox=\box30
LaTeX Info: Redefining \\ on input line 3056.
)
(/usr/local/texlive/2012/texmf-dist/tex/latex/amsfonts/amssymb.sty
Package: amssymb 2009/06/22 v3.00

(/usr/local/texlive/2012/texmf-dist/tex/latex/amsfonts/amsfonts.sty
Package: amsfonts 2009/06/22 v3.00 Basic AMSFonts support
\@emptytoks=\toks17
\symAMSa=\mathgroup4
\symAMSb=\mathgroup5
LaTeX Font Info:    Overwriting math alphabet `\mathfrak' in version `bold'
(Font)                  U/euf/m/n --> U/euf/b/n on input line 96.
))
(/usr/local/texlive/2012/texmf-dist/tex/latex/hyperref/hyperref.sty
Package: hyperref 2012/05/13 v6.82q Hypertext links for LaTeX

(/usr/local/texlive/2012/texmf-dist/tex/generic/oberdiek/hobsub-hyperref.sty
Package: hobsub-hyperref 2012/05/28 v1.13 Bundle oberdiek, subset hyperref (HO)


(/usr/local/texlive/2012/texmf-dist/tex/generic/oberdiek/hobsub-generic.sty
Package: hobsub-generic 2012/05/28 v1.13 Bundle oberdiek, subset generic (HO)
Package: hobsub 2012/05/28 v1.13 Construct package bundles (HO)
Package: infwarerr 2010/04/08 v1.3 Providing info/warning/error messages (HO)
Package: ltxcmds 2011/11/09 v1.22 LaTeX kernel commands for general use (HO)
Package: ifluatex 2010/03/01 v1.3 Provides the ifluatex switch (HO)
Package ifluatex Info: LuaTeX not detected.
Package: ifvtex 2010/03/01 v1.5 Detect VTeX and its facilities (HO)
Package ifvtex Info: VTeX not detected.
Package: intcalc 2007/09/27 v1.1 Expandable calculations with integers (HO)
Package: ifpdf 2011/01/30 v2.3 Provides the ifpdf switch (HO)
Package ifpdf Info: pdfTeX in PDF mode is not detected.
Package: etexcmds 2011/02/16 v1.5 Avoid name clashes with e-TeX commands (HO)
Package etexcmds Info: Could not find \expanded.
(etexcmds)             That can mean that you are not using pdfTeX 1.50 or
(etexcmds)             that some package has redefined \expanded.
(etexcmds)             In the latter case, load this package earlier.
Package: kvsetkeys 2012/04/25 v1.16 Key value parser (HO)
Package: kvdefinekeys 2011/04/07 v1.3 Define keys (HO)
Package: pdftexcmds 2011/11/29 v0.20 Utility functions of pdfTeX for LuaTeX (HO
)
Package pdftexcmds Info: LuaTeX not detected.
Package pdftexcmds Info: pdfTeX >= 1.30 not detected.
Package pdftexcmds Info: \pdf@primitive is available.
Package pdftexcmds Info: \pdf@ifprimitive is available.
Package pdftexcmds Info: \pdfdraftmode not found.
Package: pdfescape 2011/11/25 v1.13 Implements pdfTeX's escape features (HO)
Package: bigintcalc 2012/04/08 v1.3 Expandable calculations on big integers (HO
)
Package: bitset 2011/01/30 v1.1 Handle bit-vector datatype (HO)
Package: uniquecounter 2011/01/30 v1.2 Provide unlimited unique counter (HO)
)
Package hobsub Info: Skipping package `hobsub' (already loaded).
Package: letltxmacro 2010/09/02 v1.4 Let assignment for LaTeX macros (HO)
Package: hopatch 2012/05/28 v1.2 Wrapper for package hooks (HO)
Package: xcolor-patch 2011/01/30 xcolor patch
Package: atveryend 2011/06/30 v1.8 Hooks at the very end of document (HO)
Package atveryend Info: \enddocument detected (standard20110627).
Package: atbegshi 2011/10/05 v1.16 At begin shipout hook (HO)
Package: refcount 2011/10/16 v3.4 Data extraction from label references (HO)
Package: hycolor 2011/01/30 v1.7 Color options for hyperref/bookmark (HO)
)
(/usr/local/texlive/2012/texmf-dist/tex/generic/ifxetex/ifxetex.sty
Package: ifxetex 2010/09/12 v0.6 Provides ifxetex conditional
)
(/usr/local/texlive/2012/texmf-dist/tex/latex/oberdiek/kvoptions.sty
Package: kvoptions 2011/06/30 v3.11 Key value format for package options (HO)
)
\@linkdim=\dimen111
\Hy@linkcounter=\count100
\Hy@pagecounter=\count101

(/usr/local/texlive/2012/texmf-dist/tex/latex/hyperref/pd1enc.def
File: pd1enc.def 2012/05/13 v6.82q Hyperref: PDFDocEncoding definition (HO)
)
\Hy@SavedSpaceFactor=\count102

(/usr/local/texlive/2012/texmf-dist/tex/xelatex/xetexconfig/hyperref.cfg
File: hyperref.cfg 2008/07/11 v1.2 hyperref configuration for XeLaTeX
)
Package hyperref Info: Hyper figures OFF on input line 4062.
Package hyperref Info: Link nesting OFF on input line 4067.
Package hyperref Info: Hyper index ON on input line 4070.
Package hyperref Info: Plain pages OFF on input line 4077.
Package hyperref Info: Backreferencing OFF on input line 4082.
Package hyperref Info: Implicit mode ON; LaTeX internals redefined.
Package hyperref Info: Bookmarks ON on input line 4300.
\c@Hy@tempcnt=\count103

(/usr/local/texlive/2012/texmf-dist/tex/latex/url/url.sty
\Urlmuskip=\muskip10
Package: url 2006/04/12  ver 3.3  Verb mode for urls, etc.
)
LaTeX Info: Redefining \url on input line 4653.
\Fld@menulength=\count104
\Field@Width=\dimen112
\Fld@charsize=\dimen113
Package hyperref Info: Hyper figures OFF on input line 5773.
Package hyperref Info: Link nesting OFF on input line 5778.
Package hyperref Info: Hyper index ON on input line 5781.
Package hyperref Info: backreferencing OFF on input line 5788.
Package hyperref Info: Link coloring OFF on input line 5793.
Package hyperref Info: Link coloring with OCG OFF on input line 5798.
Package hyperref Info: PDF/A mode OFF on input line 5803.
LaTeX Info: Redefining \ref on input line 5843.
LaTeX Info: Redefining \pageref on input line 5847.
\Hy@abspage=\count105
\c@Item=\count106
\c@Hfootnote=\count107
)

Package hyperref Message: Driver (autodetected): hxetex.

(/usr/local/texlive/2012/texmf-dist/tex/latex/hyperref/hxetex.def
File: hxetex.def 2012/05/13 v6.82q Hyperref driver for XeTeX

(/usr/local/texlive/2012/texmf-dist/tex/latex/hyperref/puenc.def
File: puenc.def 2012/05/13 v6.82q Hyperref: PDF Unicode definition (HO)
)
(/usr/local/texlive/2012/texmf-dist/tex/generic/oberdiek/stringenc.sty
Package: stringenc 2011/12/02 v1.10 Convert strings between diff. encodings (HO
)
)
\pdfm@box=\box31
\c@Hy@AnnotLevel=\count108
\HyField@AnnotCount=\count109
\Fld@listcount=\count110
\c@bookmark@seq@number=\count111

(/usr/local/texlive/2012/texmf-dist/tex/latex/oberdiek/rerunfilecheck.sty
Package: rerunfilecheck 2011/04/15 v1.7 Rerun checks for auxiliary files (HO)
Package rerunfilecheck Info: Feature \pdfmdfivesum is not available
(rerunfilecheck)             (e.g. pdfTeX or LuaTeX with package `pdftexcmds').

(rerunfilecheck)             Therefore file contents cannot be checked efficien
tly
(rerunfilecheck)             and the loading of the package is aborted.
)
\Hy@SectionHShift=\skip47
)
Package hyperref Info: Option `colorlinks' set `true' on input line 7.

(/usr/local/texlive/2012/texmf-dist/tex/latex/natbib/natbib.sty
Package: natbib 2010/09/13 8.31b (PWD, AO)
\bibhang=\skip48
\bibsep=\skip49
LaTeX Info: Redefining \cite on input line 694.
\c@NAT@ctr=\count112
)
(/usr/local/texlive/2012/texmf-dist/tex/latex/preprint/fullpage.sty
Package: fullpage 1999/02/23 1.1 (PWD)
\FP@margin=\skip50
)
(/usr/local/texlive/2012/texmf-dist/tex/latex/setspace/setspace.sty
Package: setspace 2011/12/19 v6.7a set line spacing
)

LaTeX Warning: Unused global option(s):
    [10.5pt].

(./social_genomicsv3.aux)
\openout1 = `social_genomicsv3.aux'.

LaTeX Font Info:    Checking defaults for OML/cmm/m/it on input line 11.
LaTeX Font Info:    ... okay on input line 11.
LaTeX Font Info:    Checking defaults for T1/cmr/m/n on input line 11.
LaTeX Font Info:    ... okay on input line 11.
LaTeX Font Info:    Checking defaults for OT1/cmr/m/n on input line 11.
LaTeX Font Info:    ... okay on input line 11.
LaTeX Font Info:    Checking defaults for OMS/cmsy/m/n on input line 11.
LaTeX Font Info:    ... okay on input line 11.
LaTeX Font Info:    Checking defaults for OMX/cmex/m/n on input line 11.
LaTeX Font Info:    ... okay on input line 11.
LaTeX Font Info:    Checking defaults for U/cmr/m/n on input line 11.
LaTeX Font Info:    ... okay on input line 11.
LaTeX Font Info:    Checking defaults for PD1/pdf/m/n on input line 11.
LaTeX Font Info:    ... okay on input line 11.
LaTeX Font Info:    Checking defaults for PU/pdf/m/n on input line 11.
LaTeX Font Info:    ... okay on input line 11.
\AtBeginShipoutBox=\box32

(/usr/local/texlive/2012/texmf-dist/tex/latex/graphics/color.sty
Package: color 2005/11/14 v1.0j Standard LaTeX Color (DPC)

(/usr/local/texlive/2012/texmf-dist/tex/latex/latexconfig/color.cfg
File: color.cfg 2007/01/18 v1.5 color configuration of teTeX/TeXLive
)
Package color Info: Driver file: xetex.def on input line 130.
)
Package hyperref Info: Link coloring ON on input line 11.

(/usr/local/texlive/2012/texmf-dist/tex/latex/hyperref/nameref.sty
Package: nameref 2010/04/30 v2.40 Cross-referencing by name of section

(/usr/local/texlive/2012/texmf-dist/tex/generic/oberdiek/gettitlestring.sty
Package: gettitlestring 2010/12/03 v1.4 Cleanup title references (HO)
)
\c@section@level=\count113
)
LaTeX Info: Redefining \ref on input line 11.
LaTeX Info: Redefining \pageref on input line 11.
LaTeX Info: Redefining \nameref on input line 11.

(./social_genomicsv3.out) (./social_genomicsv3.out)
\@outlinefile=\write3
\openout3 = `social_genomicsv3.out'.

LaTeX Font Info:    Try loading font information for U+msa on input line 20.

(/usr/local/texlive/2012/texmf-dist/tex/latex/amsfonts/umsa.fd
File: umsa.fd 2009/06/22 v3.00 AMS symbols A
)
LaTeX Font Info:    Try loading font information for U+msb on input line 20.

(/usr/local/texlive/2012/texmf-dist/tex/latex/amsfonts/umsb.fd
File: umsb.fd 2009/06/22 v3.00 AMS symbols B
)

Package natbib Warning: Citation `Rosenblum:2009ih' on page 1 undefined on inpu
t line 54.


Package natbib Warning: Citation `Steiner:2007fi' on page 1 undefined on input 
line 54.


Package natbib Warning: Citation `Weber:2009em' on page 1 undefined on input li
ne 54.


Package natbib Warning: Citation `Shapiro:2013ce' on page 1 undefined on input 
line 54.


Package natbib Warning: Citation `Blumstein:2010gs' on page 1 undefined on inpu
t line 56.

(/usr/local/texlive/2012/texmf-dist/tex/generic/oberdiek/se-ascii-print.def
File: se-ascii-print.def 2011/12/02 v1.10 stringenc: Printable ASCII characters

)
[1

]

Package natbib Warning: Citation `Alexander:1974va' on page 2 undefined on inpu
t line 58.


Package natbib Warning: Citation `Allaine:2000uk' on page 2 undefined on input 
line 58.


Package natbib Warning: Citation `Nonacs:2000wa' on page 2 undefined on input l
ine 58.


Package natbib Warning: Citation `Fjerdingstad:2006ud' on page 2 undefined on i
nput line 58.


Package natbib Warning: Citation `Ebensperger:2008ef' on page 2 undefined on in
put line 58.


Package natbib Warning: Citation `Drew:2007hd' on page 2 undefined on input lin
e 58.


Package natbib Warning: Citation `Miyakawa:2003gw' on page 2 undefined on input
 line 58.


Package natbib Warning: Citation `SustkovaFiserova:2009um' on page 2 undefined 
on input line 58.


Package natbib Warning: Citation `Young:1999we' on page 2 undefined on input li
ne 58.


Package natbib Warning: Citation `Donaldson:2008cn' on page 2 undefined on inpu
t line 58.


Package natbib Warning: Citation `Heckel:2008wg' on page 2 undefined on input l
ine 58.


Package natbib Warning: Citation `Robinson:2008gq' on page 2 undefined on input
 line 60.


Package natbib Warning: Citation `Toth:2010fr' on page 2 undefined on input lin
e 60.


Package natbib Warning: Citation `Burmeister:2005jw' on page 2 undefined on inp
ut line 62.


Package natbib Warning: Citation `Mukai:2009cr' on page 2 undefined on input li
ne 62.


Package natbib Warning: Citation `SustkovaFiserova:2009um' on page 2 undefined 
on input line 62.


Package natbib Warning: Citation `Suzuki:2009hf' on page 2 undefined on input l
ine 62.


Package natbib Warning: Citation `Miyakawa:2003gw' on page 2 undefined on input
 line 62.


Package natbib Warning: Citation `Toth:2007cr' on page 2 undefined on input lin
e 62.


Package natbib Warning: Citation `Dottorini:2007bc' on page 2 undefined on inpu
t line 62.


Package natbib Warning: Citation `Mukai:2009cr' on page 2 undefined on input li
ne 62.


Package natbib Warning: Citation `Lovell:2008jz' on page 2 undefined on input l
ine 62.


Package natbib Warning: Citation `Wacker:2010gg' on page 2 undefined on input l
ine 62.


Package natbib Warning: Citation `Fitzpatrick:2005vd' on page 2 undefined on in
put line 64.


Package natbib Warning: Citation `Mack:2006cn' on page 2 undefined on input lin
e 64.


Package natbib Warning: Citation `McGraw:2004hg' on page 2 undefined on input l
ine 64.


Package natbib Warning: Citation `Drnevich:2004dj' on page 2 undefined on input
 line 64.


Package natbib Warning: Citation `Mortazavi:2008jj' on page 2 undefined on inpu
t line 64.

[2]

Package natbib Warning: Citation `Metzker:2010ew' on page 3 undefined on input 
line 66.


Package natbib Warning: Citation `Myles:2010in' on page 3 undefined on input li
ne 66.


Package natbib Warning: Citation `VegaArreguin:2009jj' on page 3 undefined on i
nput line 66.


Package natbib Warning: Citation `Whittington:2009bn' on page 3 undefined on in
put line 66.


Package natbib Warning: Citation `Mortazavi:2008jj' on page 3 undefined on inpu
t line 66.


Package natbib Warning: Citation `Woodruff:2010fc' on page 3 undefined on input
 line 71.


Package natbib Warning: Citation `Chan:2005gj' on page 3 undefined on input lin
e 71.

[3]

Package natbib Warning: Citation `Lacey:2004ga' on page 4 undefined on input li
ne 73.


Package natbib Warning: Citation `Lacey:2004ga' on page 4 undefined on input li
ne 73.


Package natbib Warning: Citation `Flicek:2009dl' on page 4 undefined on input l
ine 77.


Package natbib Warning: Citation `Miller:2010gx' on page 4 undefined on input l
ine 77.


Package natbib Warning: Citation `Lohse:2012fg' on page 4 undefined on input li
ne 77.


Package natbib Warning: Citation `Cox:2010ch' on page 4 undefined on input line
 77.


Package natbib Warning: Citation `Le:2013dy' on page 4 undefined on input line 
77.


Package natbib Warning: Citation `MacManes:2013tv' on page 4 undefined on input
 line 77.


Package natbib Warning: Citation `Grabherr:2011jb' on page 4 undefined on input
 line 79.


Package natbib Warning: Citation `Francis:2013gc' on page 4 undefined on input 
line 79.


Overfull \hbox (45.88208pt too wide) in paragraph at lines 79--80
\OT1/cmr/m/n/10 burg Su-per-com-put-ing Cen-ter hard-ware re-source Black-light
 ([][]$\OT1/cmtt/m/n/10 http : / / www . psc . edu / index . php / computing-[]
resources /
 []

[4]

Package natbib Warning: Citation `Roberts:2012dh' on page 5 undefined on input 
line 81.

Missing character: There is no ‘ in font cmr10!
Missing character: There is no ’ in font cmr10!
Missing character: There is no ‘ in font cmr10!
Missing character: There is no ’ in font cmr10!

Package natbib Warning: Citation `Langmead:2012jh' on page 5 undefined on input
 line 81.


Package natbib Warning: Citation `Li:2006hr' on page 5 undefined on input line 
81.


Package natbib Warning: Citation `Camacho:2009fc' on page 5 undefined on input 
line 83.

LaTeX Font Info:    Try loading font information for OML+cmr on input line 83.
(/usr/local/texlive/2012/texmf-dist/tex/latex/base/omlcmr.fd
File: omlcmr.fd 1999/05/25 v2.5h Standard LaTeX font definitions
)
LaTeX Font Info:    Font shape `OML/cmr/m/n' in size <10> not available
(Font)              Font shape `OML/cmm/m/it' tried instead on input line 83.


Package natbib Warning: Citation `Petersen:2011cn' on page 5 undefined on input
 line 83.


Package natbib Warning: Citation `Krogh:2001bv' on page 5 undefined on input li
ne 83.


Package natbib Warning: Citation `Conesa:2005hq' on page 5 undefined on input l
ine 83.


Package natbib Warning: Citation `Roberts:2012dh' on page 5 undefined on input 
line 85.


Package natbib Warning: Citation `Robinson:2010cw' on page 5 undefined on input
 line 85.

[5]

Package natbib Warning: Citation `Zhao:2005ku' on page 6 undefined on input lin
e 87.

Missing character: There is no ’ in font cmr10!
Missing character: There is no ’ in font cmr10!
[6]

Package natbib Warning: Citation `Woodard:2011jv' on page 7 undefined on input 
line 102.


Underfull \hbox (badness 10000) in paragraph at lines 102--103

 []


Underfull \hbox (badness 10000) in paragraph at lines 104--106

 []


Underfull \hbox (badness 10000) in paragraph at lines 107--109

 []


Package natbib Warning: Citation `Beery:2008do' on page 7 undefined on input li
ne 111.


Package natbib Warning: Citation `Pravosudov:2012faa' on page 7 undefined on in
put line 111.


Package natbib Warning: Citation `Weaver:2006by' on page 7 undefined on input l
ine 111.


Underfull \hbox (badness 10000) in paragraph at lines 110--112

 []

[7]
Underfull \hbox (badness 10000) in paragraph at lines 113--115

 []

No file social_genomicsv3.bbl.
File: Figure1.eps Graphic file (type eps)
<Figure1.eps> [8]
File: Figure2a.eps Graphic file (type eps)
 <Figure2a.eps> [9]
File: Figure3.eps Graphic file (type eps)
 <Figure3.eps> [10] [11]
Underfull \hbox (badness 10000) in paragraph at lines 158--159

 []


Underfull \hbox (badness 1552) in paragraph at lines 162--162
[]\OT1/cmr/bx/n/10 Forward (F) or
 []


Underfull \hbox (badness 10000) in paragraph at lines 195--196

 []


Underfull \hbox (badness 10000) in paragraph at lines 199--199
[]\OT1/cmr/bx/n/10 Signal
 []


Underfull \hbox (badness 10000) in paragraph at lines 200--200
[]\OT1/cmr/m/n/10 105199.7 $\OMS/cmsy/m/n/10 ^^F$
 []


Underfull \hbox (badness 10000) in paragraph at lines 201--201
[]\OT1/cmr/m/n/10 69252.1 $\OMS/cmsy/m/n/10 ^^F$
 []


Underfull \hbox (badness 10000) in paragraph at lines 202--202
[]\OT1/cmr/m/n/10 63590.6 $\OMS/cmsy/m/n/10 ^^F$
 []


Underfull \hbox (badness 10000) in paragraph at lines 203--203
[]\OT1/cmr/m/n/10 49256.7 $\OMS/cmsy/m/n/10 ^^F$
 []


Underfull \hbox (badness 10000) in paragraph at lines 204--204
[]\OT1/cmr/m/n/10 48264.4 $\OMS/cmsy/m/n/10 ^^F$
 []


Underfull \hbox (badness 10000) in paragraph at lines 205--205
[]\OT1/cmr/m/n/10 47868.9 $\OMS/cmsy/m/n/10 ^^F$
 []


Underfull \hbox (badness 3758) in paragraph at lines 206--206
[]\OT1/cmr/m/n/10 Elongation factor1-alpha
 []


Underfull \hbox (badness 10000) in paragraph at lines 206--206
[]\OT1/cmr/m/n/10 45470.5 $\OMS/cmsy/m/n/10 ^^F$
 []


Underfull \hbox (badness 2932) in paragraph at lines 207--207
[]\OT1/cmr/m/n/10 Heat shock cog-nate 71
 []


Underfull \hbox (badness 10000) in paragraph at lines 207--207
[]\OT1/cmr/m/n/10 37875.7 $\OMS/cmsy/m/n/10 ^^F$
 []


Underfull \hbox (badness 10000) in paragraph at lines 208--208
[]\OT1/cmr/m/n/10 37150.7 $\OMS/cmsy/m/n/10 ^^F$
 []


Underfull \hbox (badness 10000) in paragraph at lines 209--209
[]\OT1/cmr/m/n/10 Adenosine3'-phospho
 []


Underfull \hbox (badness 10000) in paragraph at lines 209--209
\OT1/cmr/m/n/10 5'-phosphosulfate trans-
 []


Underfull \hbox (badness 10000) in paragraph at lines 209--209
[]\OT1/cmr/m/n/10 33338.4 $\OMS/cmsy/m/n/10 ^^F$
 []


Underfull \hbox (badness 10000) in paragraph at lines 210--210
[]\OT1/cmr/m/n/10 32834.2 $\OMS/cmsy/m/n/10 ^^F$
 []


Underfull \hbox (badness 10000) in paragraph at lines 211--211
[]\OT1/cmr/m/n/10 31671.2 $\OMS/cmsy/m/n/10 ^^F$
 []


Underfull \hbox (badness 10000) in paragraph at lines 212--212
[]\OT1/cmr/m/n/10 30604.3 $\OMS/cmsy/m/n/10 ^^F$
 []


Underfull \hbox (badness 10000) in paragraph at lines 213--213
[]\OT1/cmr/m/n/10 30594.7 $\OMS/cmsy/m/n/10 ^^F$
 []


Underfull \hbox (badness 10000) in paragraph at lines 214--214
[]\OT1/cmr/m/n/10 30082.1 $\OMS/cmsy/m/n/10 ^^F$
 []


Underfull \hbox (badness 10000) in paragraph at lines 215--215
[]\OT1/cmr/m/n/10 Glyceraldehyde-3-
 []


Underfull \hbox (badness 10000) in paragraph at lines 215--215
[]\OT1/cmr/m/n/10 29708.9 $\OMS/cmsy/m/n/10 ^^F$
 []


Underfull \hbox (badness 10000) in paragraph at lines 216--216
[]\OT1/cmr/m/n/10 Sodium/potassium-
 []


Underfull \hbox (badness 10000) in paragraph at lines 216--216
\OT1/cmr/m/n/10 transporting AT-Pase
 []


Underfull \hbox (badness 10000) in paragraph at lines 216--216
[]\OT1/cmr/m/n/10 25332.9 $\OMS/cmsy/m/n/10 ^^F$
 []


Underfull \hbox (badness 10000) in paragraph at lines 217--217
[]\OT1/cmr/m/n/10 25274.4 $\OMS/cmsy/m/n/10 ^^F$
 []


Underfull \hbox (badness 10000) in paragraph at lines 218--218
[]\OT1/cmr/m/n/10 24781.7 $\OMS/cmsy/m/n/10 ^^F$
 []


Underfull \hbox (badness 10000) in paragraph at lines 219--219
[]\OT1/cmr/m/n/10 24707.6 $\OMS/cmsy/m/n/10 ^^F$
 []


Overfull \hbox (17.65533pt too wide) in paragraph at lines 197--221
 [] 
 []

[12] [13]
Underfull \hbox (badness 10000) in paragraph at lines 230--231

 []


Overfull \hbox (12.82245pt too wide) in alignment at lines 232--235
 [] [] [] [] 
 []


Overfull \hbox (12.82245pt too wide) in alignment at lines 235--240
 [] [] [] [] 
 []


Overfull \hbox (12.82245pt too wide) in alignment at lines 240--242
 [] [] [] [] 
 []


Overfull \hbox (12.82245pt too wide) in alignment at lines 242--244
 [] [] [] [] 
 []


Overfull \hbox (12.82245pt too wide) in alignment at lines 244--264
 [] [] [] [] 
 []


Overfull \hbox (12.82245pt too wide) in alignment at lines 264--284
 [] [] [] [] 
 []


Overfull \hbox (12.82245pt too wide) in alignment at lines 284--290
 [] [] [] [] 
 []

[14]

Package natbib Warning: There were undefined citations.

Package atveryend Info: Empty hook `BeforeClearDocument' on input line 337.
[15]
Package atveryend Info: Empty hook `AfterLastShipout' on input line 337.
 (./social_genomicsv3.aux)
Package atveryend Info: Empty hook `AtVeryEndDocument' on input line 337.
Package atveryend Info: Empty hook `AtEndAfterFileList' on input line 337.
Package atveryend Info: Empty hook `AtVeryVeryEnd' on input line 337.
 ) 
Here is how much of TeX's memory you used:
 6944 strings out of 494004
 96256 string characters out of 3150890
 187376 words of memory out of 3000000
 10159 multiletter control sequences out of 15000+200000
 8579 words of font info for 33 fonts, out of 3000000 for 9000
 1144 hyphenation exceptions out of 8191
 29i,9n,25p,1453b,488s stack positions out of 5000i,500n,10000p,200000b,50000s

Output written on social_genomicsv3.pdf (15 pages).
